[DEBUG] 2021-05-11 16:21:14.726 [http-nio-8080-exec-9] IntegratorServiceImpl - Adding Integrator [org.hibernate.cfg.beanvalidation.BeanValidationIntegrator].
[DEBUG] 2021-05-11 16:21:14.739 [http-nio-8080-exec-9] IntegratorServiceImpl - Adding Integrator [org.hibernate.secure.spi.JaccIntegrator].
[DEBUG] 2021-05-11 16:21:14.750 [http-nio-8080-exec-9] IntegratorServiceImpl - Adding Integrator [org.hibernate.cache.internal.CollectionCacheInvalidator].
[INFO ] 2021-05-11 16:21:14.928 [http-nio-8080-exec-9] Version - HHH000412: Hibernate Core {5.4.4.Final}
[DEBUG] 2021-05-11 16:21:14.934 [http-nio-8080-exec-9] Environment - HHH000206: hibernate.properties not found
[DEBUG] 2021-05-11 16:21:15.237 [http-nio-8080-exec-9] LocalXmlResourceResolver - Interpreting public/system identifier : [-//Hibernate/Hibernate Configuration DTD//EN] - [http://www.hibernate.org/dtd/hibernate-configuration-3.0.dtd]
[DEBUG] 2021-05-11 16:21:15.238 [http-nio-8080-exec-9] LocalXmlResourceResolver - Recognized hibernate-configuration identifier; attempting to resolve on classpath under org/hibernate/
[DEBUG] 2021-05-11 16:21:15.273 [http-nio-8080-exec-9] JaxbCfgProcessor - cfg.xml document did not define namespaces; wrapping in custom event reader to introduce namespace information
[DEBUG] 2021-05-11 16:21:15.696 [http-nio-8080-exec-9] ServiceBinding - Overriding existing service binding [org.hibernate.secure.spi.JaccService]
[DEBUG] 2021-05-11 16:21:15.733 [http-nio-8080-exec-9] RegionFactoryInitiator - Cannot default RegionFactory based on registered strategies as `[]` RegionFactory strategies were registered
[DEBUG] 2021-05-11 16:21:15.735 [http-nio-8080-exec-9] RegionFactoryInitiator - Cache region factory : org.hibernate.cache.internal.NoCachingRegionFactory
[INFO ] 2021-05-11 16:21:15.784 [http-nio-8080-exec-9] Version - HCANN000001: Hibernate Commons Annotations {5.1.0.Final}
[DEBUG] 2021-05-11 16:21:15.865 [http-nio-8080-exec-9] BasicTypeRegistry - Adding type registration boolean -> org.hibernate.type.BooleanType@1c00b0b0
[DEBUG] 2021-05-11 16:21:15.866 [http-nio-8080-exec-9] BasicTypeRegistry - Adding type registration boolean -> org.hibernate.type.BooleanType@1c00b0b0
[DEBUG] 2021-05-11 16:21:15.866 [http-nio-8080-exec-9] BasicTypeRegistry - Adding type registration java.lang.Boolean -> org.hibernate.type.BooleanType@1c00b0b0
[DEBUG] 2021-05-11 16:21:15.867 [http-nio-8080-exec-9] BasicTypeRegistry - Adding type registration numeric_boolean -> org.hibernate.type.NumericBooleanType@18c24fea
[DEBUG] 2021-05-11 16:21:15.868 [http-nio-8080-exec-9] BasicTypeRegistry - Adding type registration true_false -> org.hibernate.type.TrueFalseType@11ee4daa
[DEBUG] 2021-05-11 16:21:15.869 [http-nio-8080-exec-9] BasicTypeRegistry - Adding type registration yes_no -> org.hibernate.type.YesNoType@5972b35a
[DEBUG] 2021-05-11 16:21:15.871 [http-nio-8080-exec-9] BasicTypeRegistry - Adding type registration byte -> org.hibernate.type.ByteType@36f3a9cb
[DEBUG] 2021-05-11 16:21:15.871 [http-nio-8080-exec-9] BasicTypeRegistry - Adding type registration byte -> org.hibernate.type.ByteType@36f3a9cb
[DEBUG] 2021-05-11 16:21:15.871 [http-nio-8080-exec-9] BasicTypeRegistry - Adding type registration java.lang.Byte -> org.hibernate.type.ByteType@36f3a9cb
[DEBUG] 2021-05-11 16:21:15.874 [http-nio-8080-exec-9] BasicTypeRegistry - Adding type registration character -> org.hibernate.type.CharacterType@1fcd5c03
[DEBUG] 2021-05-11 16:21:15.874 [http-nio-8080-exec-9] BasicTypeRegistry - Adding type registration char -> org.hibernate.type.CharacterType@1fcd5c03
[DEBUG] 2021-05-11 16:21:15.874 [http-nio-8080-exec-9] BasicTypeRegistry - Adding type registration java.lang.Character -> org.hibernate.type.CharacterType@1fcd5c03
[DEBUG] 2021-05-11 16:21:15.876 [http-nio-8080-exec-9] BasicTypeRegistry - Adding type registration short -> org.hibernate.type.ShortType@6e08e9e2
[DEBUG] 2021-05-11 16:21:15.876 [http-nio-8080-exec-9] BasicTypeRegistry - Adding type registration short -> org.hibernate.type.ShortType@6e08e9e2
[DEBUG] 2021-05-11 16:21:15.876 [http-nio-8080-exec-9] BasicTypeRegistry - Adding type registration java.lang.Short -> org.hibernate.type.ShortType@6e08e9e2
[DEBUG] 2021-05-11 16:21:15.878 [http-nio-8080-exec-9] BasicTypeRegistry - Adding type registration integer -> org.hibernate.type.IntegerType@35c36d19
[DEBUG] 2021-05-11 16:21:15.878 [http-nio-8080-exec-9] BasicTypeRegistry - Adding type registration int -> org.hibernate.type.IntegerType@35c36d19
[DEBUG] 2021-05-11 16:21:15.878 [http-nio-8080-exec-9] BasicTypeRegistry - Adding type registration java.lang.Integer -> org.hibernate.type.IntegerType@35c36d19
[DEBUG] 2021-05-11 16:21:15.880 [http-nio-8080-exec-9] BasicTypeRegistry - Adding type registration long -> org.hibernate.type.LongType@744c2b59
[DEBUG] 2021-05-11 16:21:15.880 [http-nio-8080-exec-9] BasicTypeRegistry - Adding type registration long -> org.hibernate.type.LongType@744c2b59
[DEBUG] 2021-05-11 16:21:15.880 [http-nio-8080-exec-9] BasicTypeRegistry - Adding type registration java.lang.Long -> org.hibernate.type.LongType@744c2b59
[DEBUG] 2021-05-11 16:21:15.882 [http-nio-8080-exec-9] BasicTypeRegistry - Adding type registration float -> org.hibernate.type.FloatType@3b21a795
[DEBUG] 2021-05-11 16:21:15.882 [http-nio-8080-exec-9] BasicTypeRegistry - Adding type registration float -> org.hibernate.type.FloatType@3b21a795
[DEBUG] 2021-05-11 16:21:15.882 [http-nio-8080-exec-9] BasicTypeRegistry - Adding type registration java.lang.Float -> org.hibernate.type.FloatType@3b21a795
[DEBUG] 2021-05-11 16:21:15.883 [http-nio-8080-exec-9] BasicTypeRegistry - Adding type registration double -> org.hibernate.type.DoubleType@2ca8e39c
[DEBUG] 2021-05-11 16:21:15.883 [http-nio-8080-exec-9] BasicTypeRegistry - Adding type registration double -> org.hibernate.type.DoubleType@2ca8e39c
[DEBUG] 2021-05-11 16:21:15.883 [http-nio-8080-exec-9] BasicTypeRegistry - Adding type registration java.lang.Double -> org.hibernate.type.DoubleType@2ca8e39c
[DEBUG] 2021-05-11 16:21:15.885 [http-nio-8080-exec-9] BasicTypeRegistry - Adding type registration big_decimal -> org.hibernate.type.BigDecimalType@471fa5e1
[DEBUG] 2021-05-11 16:21:15.885 [http-nio-8080-exec-9] BasicTypeRegistry - Adding type registration java.math.BigDecimal -> org.hibernate.type.BigDecimalType@471fa5e1
[DEBUG] 2021-05-11 16:21:15.887 [http-nio-8080-exec-9] BasicTypeRegistry - Adding type registration big_integer -> org.hibernate.type.BigIntegerType@3880c15
[DEBUG] 2021-05-11 16:21:15.887 [http-nio-8080-exec-9] BasicTypeRegistry - Adding type registration java.math.BigInteger -> org.hibernate.type.BigIntegerType@3880c15
[DEBUG] 2021-05-11 16:21:15.889 [http-nio-8080-exec-9] BasicTypeRegistry - Adding type registration string -> org.hibernate.type.StringType@538fa282
[DEBUG] 2021-05-11 16:21:15.889 [http-nio-8080-exec-9] BasicTypeRegistry - Adding type registration java.lang.String -> org.hibernate.type.StringType@538fa282
[DEBUG] 2021-05-11 16:21:15.890 [http-nio-8080-exec-9] BasicTypeRegistry - Adding type registration nstring -> org.hibernate.type.StringNVarcharType@568af9a4
[DEBUG] 2021-05-11 16:21:15.891 [http-nio-8080-exec-9] BasicTypeRegistry - Adding type registration ncharacter -> org.hibernate.type.CharacterNCharType@433b7d5
[DEBUG] 2021-05-11 16:21:15.892 [http-nio-8080-exec-9] BasicTypeRegistry - Adding type registration url -> org.hibernate.type.UrlType@2f868261
[DEBUG] 2021-05-11 16:21:15.893 [http-nio-8080-exec-9] BasicTypeRegistry - Adding type registration java.net.URL -> org.hibernate.type.UrlType@2f868261
[DEBUG] 2021-05-11 16:21:15.895 [http-nio-8080-exec-9] BasicTypeRegistry - Adding type registration Duration -> org.hibernate.type.DurationType@2b76ca0d
[DEBUG] 2021-05-11 16:21:15.895 [http-nio-8080-exec-9] BasicTypeRegistry - Adding type registration java.time.Duration -> org.hibernate.type.DurationType@2b76ca0d
[DEBUG] 2021-05-11 16:21:15.903 [http-nio-8080-exec-9] BasicTypeRegistry - Adding type registration Instant -> org.hibernate.type.InstantType@71c6c18
[DEBUG] 2021-05-11 16:21:15.903 [http-nio-8080-exec-9] BasicTypeRegistry - Adding type registration java.time.Instant -> org.hibernate.type.InstantType@71c6c18
[DEBUG] 2021-05-11 16:21:15.906 [http-nio-8080-exec-9] BasicTypeRegistry - Adding type registration LocalDateTime -> org.hibernate.type.LocalDateTimeType@5c3db6f9
[DEBUG] 2021-05-11 16:21:15.906 [http-nio-8080-exec-9] BasicTypeRegistry - Adding type registration java.time.LocalDateTime -> org.hibernate.type.LocalDateTimeType@5c3db6f9
[DEBUG] 2021-05-11 16:21:15.909 [http-nio-8080-exec-9] BasicTypeRegistry - Adding type registration LocalDate -> org.hibernate.type.LocalDateType@4fca60f5
[DEBUG] 2021-05-11 16:21:15.909 [http-nio-8080-exec-9] BasicTypeRegistry - Adding type registration java.time.LocalDate -> org.hibernate.type.LocalDateType@4fca60f5
[DEBUG] 2021-05-11 16:21:15.911 [http-nio-8080-exec-9] BasicTypeRegistry - Adding type registration LocalTime -> org.hibernate.type.LocalTimeType@104670ff
[DEBUG] 2021-05-11 16:21:15.911 [http-nio-8080-exec-9] BasicTypeRegistry - Adding type registration java.time.LocalTime -> org.hibernate.type.LocalTimeType@104670ff
[DEBUG] 2021-05-11 16:21:15.913 [http-nio-8080-exec-9] BasicTypeRegistry - Adding type registration OffsetDateTime -> org.hibernate.type.OffsetDateTimeType@765d1bed
[DEBUG] 2021-05-11 16:21:15.913 [http-nio-8080-exec-9] BasicTypeRegistry - Adding type registration java.time.OffsetDateTime -> org.hibernate.type.OffsetDateTimeType@765d1bed
[DEBUG] 2021-05-11 16:21:15.914 [http-nio-8080-exec-9] BasicTypeRegistry - Adding type registration OffsetTime -> org.hibernate.type.OffsetTimeType@7938cf82
[DEBUG] 2021-05-11 16:21:15.915 [http-nio-8080-exec-9] BasicTypeRegistry - Adding type registration java.time.OffsetTime -> org.hibernate.type.OffsetTimeType@7938cf82
[DEBUG] 2021-05-11 16:21:15.917 [http-nio-8080-exec-9] BasicTypeRegistry - Adding type registration ZonedDateTime -> org.hibernate.type.ZonedDateTimeType@20124592
[DEBUG] 2021-05-11 16:21:15.917 [http-nio-8080-exec-9] BasicTypeRegistry - Adding type registration java.time.ZonedDateTime -> org.hibernate.type.ZonedDateTimeType@20124592
[DEBUG] 2021-05-11 16:21:15.920 [http-nio-8080-exec-9] BasicTypeRegistry - Adding type registration date -> org.hibernate.type.DateType@658fb9c
[DEBUG] 2021-05-11 16:21:15.920 [http-nio-8080-exec-9] BasicTypeRegistry - Adding type registration java.sql.Date -> org.hibernate.type.DateType@658fb9c
[DEBUG] 2021-05-11 16:21:15.922 [http-nio-8080-exec-9] BasicTypeRegistry - Adding type registration time -> org.hibernate.type.TimeType@229d7267
[DEBUG] 2021-05-11 16:21:15.922 [http-nio-8080-exec-9] BasicTypeRegistry - Adding type registration java.sql.Time -> org.hibernate.type.TimeType@229d7267
[DEBUG] 2021-05-11 16:21:15.924 [http-nio-8080-exec-9] BasicTypeRegistry - Adding type registration timestamp -> org.hibernate.type.TimestampType@6bccbf1f
[DEBUG] 2021-05-11 16:21:15.924 [http-nio-8080-exec-9] BasicTypeRegistry - Adding type registration java.sql.Timestamp -> org.hibernate.type.TimestampType@6bccbf1f
[DEBUG] 2021-05-11 16:21:15.924 [http-nio-8080-exec-9] BasicTypeRegistry - Adding type registration java.util.Date -> org.hibernate.type.TimestampType@6bccbf1f
[DEBUG] 2021-05-11 16:21:15.926 [http-nio-8080-exec-9] BasicTypeRegistry - Adding type registration dbtimestamp -> org.hibernate.type.DbTimestampType@62e4f9d2
[DEBUG] 2021-05-11 16:21:15.928 [http-nio-8080-exec-9] BasicTypeRegistry - Adding type registration calendar -> org.hibernate.type.CalendarType@4b98479e
[DEBUG] 2021-05-11 16:21:15.928 [http-nio-8080-exec-9] BasicTypeRegistry - Adding type registration java.util.Calendar -> org.hibernate.type.CalendarType@4b98479e
[DEBUG] 2021-05-11 16:21:15.928 [http-nio-8080-exec-9] BasicTypeRegistry - Adding type registration java.util.GregorianCalendar -> org.hibernate.type.CalendarType@4b98479e
[DEBUG] 2021-05-11 16:21:15.929 [http-nio-8080-exec-9] BasicTypeRegistry - Adding type registration calendar_date -> org.hibernate.type.CalendarDateType@50520655
[DEBUG] 2021-05-11 16:21:15.931 [http-nio-8080-exec-9] BasicTypeRegistry - Adding type registration locale -> org.hibernate.type.LocaleType@2fae8c93
[DEBUG] 2021-05-11 16:21:15.931 [http-nio-8080-exec-9] BasicTypeRegistry - Adding type registration java.util.Locale -> org.hibernate.type.LocaleType@2fae8c93
[DEBUG] 2021-05-11 16:21:15.933 [http-nio-8080-exec-9] BasicTypeRegistry - Adding type registration currency -> org.hibernate.type.CurrencyType@6e6a8c9e
[DEBUG] 2021-05-11 16:21:15.933 [http-nio-8080-exec-9] BasicTypeRegistry - Adding type registration java.util.Currency -> org.hibernate.type.CurrencyType@6e6a8c9e
[DEBUG] 2021-05-11 16:21:15.934 [http-nio-8080-exec-9] BasicTypeRegistry - Adding type registration timezone -> org.hibernate.type.TimeZoneType@6a999d88
[DEBUG] 2021-05-11 16:21:15.934 [http-nio-8080-exec-9] BasicTypeRegistry - Adding type registration java.util.TimeZone -> org.hibernate.type.TimeZoneType@6a999d88
[DEBUG] 2021-05-11 16:21:15.936 [http-nio-8080-exec-9] BasicTypeRegistry - Adding type registration class -> org.hibernate.type.ClassType@34178198
[DEBUG] 2021-05-11 16:21:15.936 [http-nio-8080-exec-9] BasicTypeRegistry - Adding type registration java.lang.Class -> org.hibernate.type.ClassType@34178198
[DEBUG] 2021-05-11 16:21:15.937 [http-nio-8080-exec-9] BasicTypeRegistry - Adding type registration uuid-binary -> org.hibernate.type.UUIDBinaryType@3e20a7c7
[DEBUG] 2021-05-11 16:21:15.938 [http-nio-8080-exec-9] BasicTypeRegistry - Adding type registration java.util.UUID -> org.hibernate.type.UUIDBinaryType@3e20a7c7
[DEBUG] 2021-05-11 16:21:15.939 [http-nio-8080-exec-9] BasicTypeRegistry - Adding type registration uuid-char -> org.hibernate.type.UUIDCharType@95f4906
[DEBUG] 2021-05-11 16:21:15.942 [http-nio-8080-exec-9] BasicTypeRegistry - Adding type registration binary -> org.hibernate.type.BinaryType@7990f028
[DEBUG] 2021-05-11 16:21:15.942 [http-nio-8080-exec-9] BasicTypeRegistry - Adding type registration byte[] -> org.hibernate.type.BinaryType@7990f028
[DEBUG] 2021-05-11 16:21:15.942 [http-nio-8080-exec-9] BasicTypeRegistry - Adding type registration [B -> org.hibernate.type.BinaryType@7990f028
[DEBUG] 2021-05-11 16:21:15.944 [http-nio-8080-exec-9] BasicTypeRegistry - Adding type registration wrapper-binary -> org.hibernate.type.WrapperBinaryType@24c7aa27
[DEBUG] 2021-05-11 16:21:15.944 [http-nio-8080-exec-9] BasicTypeRegistry - Adding type registration Byte[] -> org.hibernate.type.WrapperBinaryType@24c7aa27
[DEBUG] 2021-05-11 16:21:15.944 [http-nio-8080-exec-9] BasicTypeRegistry - Adding type registration [Ljava.lang.Byte; -> org.hibernate.type.WrapperBinaryType@24c7aa27
[DEBUG] 2021-05-11 16:21:15.946 [http-nio-8080-exec-9] BasicTypeRegistry - Adding type registration row_version -> org.hibernate.type.RowVersionType@657a231a
[DEBUG] 2021-05-11 16:21:15.946 [http-nio-8080-exec-9] BasicTypeRegistry - Adding type registration image -> org.hibernate.type.ImageType@2927c1d2
[DEBUG] 2021-05-11 16:21:15.948 [http-nio-8080-exec-9] BasicTypeRegistry - Adding type registration characters -> org.hibernate.type.CharArrayType@66aee3a
[DEBUG] 2021-05-11 16:21:15.948 [http-nio-8080-exec-9] BasicTypeRegistry - Adding type registration char[] -> org.hibernate.type.CharArrayType@66aee3a
[DEBUG] 2021-05-11 16:21:15.948 [http-nio-8080-exec-9] BasicTypeRegistry - Adding type registration [C -> org.hibernate.type.CharArrayType@66aee3a
[DEBUG] 2021-05-11 16:21:15.950 [http-nio-8080-exec-9] BasicTypeRegistry - Adding type registration wrapper-characters -> org.hibernate.type.CharacterArrayType@7c857872
[DEBUG] 2021-05-11 16:21:15.950 [http-nio-8080-exec-9] BasicTypeRegistry - Adding type registration [Ljava.lang.Character; -> org.hibernate.type.CharacterArrayType@7c857872
[DEBUG] 2021-05-11 16:21:15.950 [http-nio-8080-exec-9] BasicTypeRegistry - Adding type registration Character[] -> org.hibernate.type.CharacterArrayType@7c857872
[DEBUG] 2021-05-11 16:21:15.951 [http-nio-8080-exec-9] BasicTypeRegistry - Adding type registration text -> org.hibernate.type.TextType@75aa0730
[DEBUG] 2021-05-11 16:21:15.952 [http-nio-8080-exec-9] BasicTypeRegistry - Adding type registration ntext -> org.hibernate.type.NTextType@438a0de
[DEBUG] 2021-05-11 16:21:15.954 [http-nio-8080-exec-9] BasicTypeRegistry - Adding type registration blob -> org.hibernate.type.BlobType@334342f1
[DEBUG] 2021-05-11 16:21:15.954 [http-nio-8080-exec-9] BasicTypeRegistry - Adding type registration java.sql.Blob -> org.hibernate.type.BlobType@334342f1
[DEBUG] 2021-05-11 16:21:15.955 [http-nio-8080-exec-9] BasicTypeRegistry - Adding type registration materialized_blob -> org.hibernate.type.MaterializedBlobType@1152c0e7
[DEBUG] 2021-05-11 16:21:15.958 [http-nio-8080-exec-9] BasicTypeRegistry - Adding type registration clob -> org.hibernate.type.ClobType@1beeccf4
[DEBUG] 2021-05-11 16:21:15.958 [http-nio-8080-exec-9] BasicTypeRegistry - Adding type registration java.sql.Clob -> org.hibernate.type.ClobType@1beeccf4
[DEBUG] 2021-05-11 16:21:15.961 [http-nio-8080-exec-9] BasicTypeRegistry - Adding type registration nclob -> org.hibernate.type.NClobType@7bffb215
[DEBUG] 2021-05-11 16:21:15.961 [http-nio-8080-exec-9] BasicTypeRegistry - Adding type registration java.sql.NClob -> org.hibernate.type.NClobType@7bffb215
[DEBUG] 2021-05-11 16:21:15.962 [http-nio-8080-exec-9] BasicTypeRegistry - Adding type registration materialized_clob -> org.hibernate.type.MaterializedClobType@9450003
[DEBUG] 2021-05-11 16:21:15.963 [http-nio-8080-exec-9] BasicTypeRegistry - Adding type registration materialized_nclob -> org.hibernate.type.MaterializedNClobType@2f329f7
[DEBUG] 2021-05-11 16:21:15.965 [http-nio-8080-exec-9] BasicTypeRegistry - Adding type registration serializable -> org.hibernate.type.SerializableType@35914126
[DEBUG] 2021-05-11 16:21:15.972 [http-nio-8080-exec-9] BasicTypeRegistry - Adding type registration object -> org.hibernate.type.ObjectType@6ec86fde
[DEBUG] 2021-05-11 16:21:15.972 [http-nio-8080-exec-9] BasicTypeRegistry - Adding type registration java.lang.Object -> org.hibernate.type.ObjectType@6ec86fde
[DEBUG] 2021-05-11 16:21:15.974 [http-nio-8080-exec-9] BasicTypeRegistry - Adding type registration imm_date -> org.hibernate.type.AdaptedImmutableType@650a2c43
[DEBUG] 2021-05-11 16:21:15.974 [http-nio-8080-exec-9] BasicTypeRegistry - Adding type registration imm_time -> org.hibernate.type.AdaptedImmutableType@7b60ca35
[DEBUG] 2021-05-11 16:21:15.974 [http-nio-8080-exec-9] BasicTypeRegistry - Adding type registration imm_timestamp -> org.hibernate.type.AdaptedImmutableType@50404e3a
[DEBUG] 2021-05-11 16:21:15.974 [http-nio-8080-exec-9] BasicTypeRegistry - Adding type registration imm_dbtimestamp -> org.hibernate.type.AdaptedImmutableType@10f1a92e
[DEBUG] 2021-05-11 16:21:15.974 [http-nio-8080-exec-9] BasicTypeRegistry - Adding type registration imm_calendar -> org.hibernate.type.AdaptedImmutableType@24adf747
[DEBUG] 2021-05-11 16:21:15.974 [http-nio-8080-exec-9] BasicTypeRegistry - Adding type registration imm_calendar_date -> org.hibernate.type.AdaptedImmutableType@59e1a085
[DEBUG] 2021-05-11 16:21:15.974 [http-nio-8080-exec-9] BasicTypeRegistry - Adding type registration imm_binary -> org.hibernate.type.AdaptedImmutableType@b82041d
[DEBUG] 2021-05-11 16:21:15.974 [http-nio-8080-exec-9] BasicTypeRegistry - Adding type registration imm_serializable -> org.hibernate.type.AdaptedImmutableType@16a7649a
[DEBUG] 2021-05-11 16:21:16.042 [http-nio-8080-exec-9] DefaultIdentifierGeneratorFactory - Registering IdentifierGenerator strategy [uuid2] -> [org.hibernate.id.UUIDGenerator]
[DEBUG] 2021-05-11 16:21:16.043 [http-nio-8080-exec-9] DefaultIdentifierGeneratorFactory - Registering IdentifierGenerator strategy [guid] -> [org.hibernate.id.GUIDGenerator]
[DEBUG] 2021-05-11 16:21:16.045 [http-nio-8080-exec-9] DefaultIdentifierGeneratorFactory - Registering IdentifierGenerator strategy [uuid] -> [org.hibernate.id.UUIDHexGenerator]
[DEBUG] 2021-05-11 16:21:16.045 [http-nio-8080-exec-9] DefaultIdentifierGeneratorFactory - Registering IdentifierGenerator strategy [uuid.hex] -> [org.hibernate.id.UUIDHexGenerator]
[DEBUG] 2021-05-11 16:21:16.045 [http-nio-8080-exec-9] DefaultIdentifierGeneratorFactory - Registering IdentifierGenerator strategy [assigned] -> [org.hibernate.id.Assigned]
[DEBUG] 2021-05-11 16:21:16.048 [http-nio-8080-exec-9] DefaultIdentifierGeneratorFactory - Registering IdentifierGenerator strategy [identity] -> [org.hibernate.id.IdentityGenerator]
[DEBUG] 2021-05-11 16:21:16.049 [http-nio-8080-exec-9] DefaultIdentifierGeneratorFactory - Registering IdentifierGenerator strategy [select] -> [org.hibernate.id.SelectGenerator]
[DEBUG] 2021-05-11 16:21:16.051 [http-nio-8080-exec-9] DefaultIdentifierGeneratorFactory - Registering IdentifierGenerator strategy [sequence] -> [org.hibernate.id.enhanced.SequenceStyleGenerator]
[DEBUG] 2021-05-11 16:21:16.054 [http-nio-8080-exec-9] DefaultIdentifierGeneratorFactory - Registering IdentifierGenerator strategy [seqhilo] -> [org.hibernate.id.SequenceHiLoGenerator]
[DEBUG] 2021-05-11 16:21:16.054 [http-nio-8080-exec-9] DefaultIdentifierGeneratorFactory - Registering IdentifierGenerator strategy [increment] -> [org.hibernate.id.IncrementGenerator]
[DEBUG] 2021-05-11 16:21:16.056 [http-nio-8080-exec-9] DefaultIdentifierGeneratorFactory - Registering IdentifierGenerator strategy [foreign] -> [org.hibernate.id.ForeignGenerator]
[DEBUG] 2021-05-11 16:21:16.057 [http-nio-8080-exec-9] DefaultIdentifierGeneratorFactory - Registering IdentifierGenerator strategy [sequence-identity] -> [org.hibernate.id.SequenceIdentityGenerator]
[DEBUG] 2021-05-11 16:21:16.057 [http-nio-8080-exec-9] DefaultIdentifierGeneratorFactory - Registering IdentifierGenerator strategy [enhanced-sequence] -> [org.hibernate.id.enhanced.SequenceStyleGenerator]
[DEBUG] 2021-05-11 16:21:16.059 [http-nio-8080-exec-9] DefaultIdentifierGeneratorFactory - Registering IdentifierGenerator strategy [enhanced-table] -> [org.hibernate.id.enhanced.TableGenerator]
[INFO ] 2021-05-11 16:21:16.068 [http-nio-8080-exec-9] C3P0ConnectionProvider - HHH010002: C3P0 using driver: com.mysql.cj.jdbc.Driver at URL: jdbc:mysql://localhost:3306/videogame
[INFO ] 2021-05-11 16:21:16.069 [http-nio-8080-exec-9] C3P0ConnectionProvider - HHH10001001: Connection properties: {password=****, user=root}
[INFO ] 2021-05-11 16:21:16.069 [http-nio-8080-exec-9] C3P0ConnectionProvider - HHH10001003: Autocommit mode: false
[INFO ] 2021-05-11 16:21:16.273 [http-nio-8080-exec-9] C3P0ConnectionProvider - HHH10001007: JDBC isolation level: <unknown>
[WARN ] 2021-05-11 16:21:47.760 [http-nio-8080-exec-9] JdbcEnvironmentInitiator - HHH000342: Could not obtain connection to query metadata : Connections could not be acquired from the underlying database!
