[DEBUG] 2021-05-12 11:38:40.233 [main] IntegratorServiceImpl - Adding Integrator [org.hibernate.cfg.beanvalidation.BeanValidationIntegrator].
[DEBUG] 2021-05-12 11:38:40.235 [main] IntegratorServiceImpl - Adding Integrator [org.hibernate.secure.spi.JaccIntegrator].
[DEBUG] 2021-05-12 11:38:40.244 [main] IntegratorServiceImpl - Adding Integrator [org.hibernate.cache.internal.CollectionCacheInvalidator].
[INFO ] 2021-05-12 11:38:40.364 [main] Version - HHH000412: Hibernate Core {5.4.4.Final}
[DEBUG] 2021-05-12 11:38:40.366 [main] Environment - HHH000206: hibernate.properties not found
[DEBUG] 2021-05-12 11:38:40.657 [main] LocalXmlResourceResolver - Interpreting public/system identifier : [-//Hibernate/Hibernate Configuration DTD//EN] - [http://www.hibernate.org/dtd/hibernate-configuration-3.0.dtd]
[DEBUG] 2021-05-12 11:38:40.658 [main] LocalXmlResourceResolver - Recognized hibernate-configuration identifier; attempting to resolve on classpath under org/hibernate/
[DEBUG] 2021-05-12 11:38:40.664 [main] JaxbCfgProcessor - cfg.xml document did not define namespaces; wrapping in custom event reader to introduce namespace information
[DEBUG] 2021-05-12 11:38:41.032 [main] ServiceBinding - Overriding existing service binding [org.hibernate.secure.spi.JaccService]
[DEBUG] 2021-05-12 11:38:41.062 [main] RegionFactoryInitiator - Cannot default RegionFactory based on registered strategies as `[]` RegionFactory strategies were registered
[DEBUG] 2021-05-12 11:38:41.064 [main] RegionFactoryInitiator - Cache region factory : org.hibernate.cache.internal.NoCachingRegionFactory
[INFO ] 2021-05-12 11:38:41.092 [main] Version - HCANN000001: Hibernate Commons Annotations {5.1.0.Final}
[DEBUG] 2021-05-12 11:38:41.178 [main] BasicTypeRegistry - Adding type registration boolean -> org.hibernate.type.BooleanType@14b789f6
[DEBUG] 2021-05-12 11:38:41.179 [main] BasicTypeRegistry - Adding type registration boolean -> org.hibernate.type.BooleanType@14b789f6
[DEBUG] 2021-05-12 11:38:41.179 [main] BasicTypeRegistry - Adding type registration java.lang.Boolean -> org.hibernate.type.BooleanType@14b789f6
[DEBUG] 2021-05-12 11:38:41.182 [main] BasicTypeRegistry - Adding type registration numeric_boolean -> org.hibernate.type.NumericBooleanType@fab35b1
[DEBUG] 2021-05-12 11:38:41.184 [main] BasicTypeRegistry - Adding type registration true_false -> org.hibernate.type.TrueFalseType@4beaf6bd
[DEBUG] 2021-05-12 11:38:41.185 [main] BasicTypeRegistry - Adding type registration yes_no -> org.hibernate.type.YesNoType@3374b5bc
[DEBUG] 2021-05-12 11:38:41.187 [main] BasicTypeRegistry - Adding type registration byte -> org.hibernate.type.ByteType@22587507
[DEBUG] 2021-05-12 11:38:41.188 [main] BasicTypeRegistry - Adding type registration byte -> org.hibernate.type.ByteType@22587507
[DEBUG] 2021-05-12 11:38:41.189 [main] BasicTypeRegistry - Adding type registration java.lang.Byte -> org.hibernate.type.ByteType@22587507
[DEBUG] 2021-05-12 11:38:41.191 [main] BasicTypeRegistry - Adding type registration character -> org.hibernate.type.CharacterType@4760f169
[DEBUG] 2021-05-12 11:38:41.191 [main] BasicTypeRegistry - Adding type registration char -> org.hibernate.type.CharacterType@4760f169
[DEBUG] 2021-05-12 11:38:41.191 [main] BasicTypeRegistry - Adding type registration java.lang.Character -> org.hibernate.type.CharacterType@4760f169
[DEBUG] 2021-05-12 11:38:41.193 [main] BasicTypeRegistry - Adding type registration short -> org.hibernate.type.ShortType@3d904e9c
[DEBUG] 2021-05-12 11:38:41.193 [main] BasicTypeRegistry - Adding type registration short -> org.hibernate.type.ShortType@3d904e9c
[DEBUG] 2021-05-12 11:38:41.193 [main] BasicTypeRegistry - Adding type registration java.lang.Short -> org.hibernate.type.ShortType@3d904e9c
[DEBUG] 2021-05-12 11:38:41.194 [main] BasicTypeRegistry - Adding type registration integer -> org.hibernate.type.IntegerType@7f353d99
[DEBUG] 2021-05-12 11:38:41.195 [main] BasicTypeRegistry - Adding type registration int -> org.hibernate.type.IntegerType@7f353d99
[DEBUG] 2021-05-12 11:38:41.195 [main] BasicTypeRegistry - Adding type registration java.lang.Integer -> org.hibernate.type.IntegerType@7f353d99
[DEBUG] 2021-05-12 11:38:41.196 [main] BasicTypeRegistry - Adding type registration long -> org.hibernate.type.LongType@1229a2b7
[DEBUG] 2021-05-12 11:38:41.196 [main] BasicTypeRegistry - Adding type registration long -> org.hibernate.type.LongType@1229a2b7
[DEBUG] 2021-05-12 11:38:41.196 [main] BasicTypeRegistry - Adding type registration java.lang.Long -> org.hibernate.type.LongType@1229a2b7
[DEBUG] 2021-05-12 11:38:41.198 [main] BasicTypeRegistry - Adding type registration float -> org.hibernate.type.FloatType@31ee2fdb
[DEBUG] 2021-05-12 11:38:41.198 [main] BasicTypeRegistry - Adding type registration float -> org.hibernate.type.FloatType@31ee2fdb
[DEBUG] 2021-05-12 11:38:41.198 [main] BasicTypeRegistry - Adding type registration java.lang.Float -> org.hibernate.type.FloatType@31ee2fdb
[DEBUG] 2021-05-12 11:38:41.199 [main] BasicTypeRegistry - Adding type registration double -> org.hibernate.type.DoubleType@558756be
[DEBUG] 2021-05-12 11:38:41.199 [main] BasicTypeRegistry - Adding type registration double -> org.hibernate.type.DoubleType@558756be
[DEBUG] 2021-05-12 11:38:41.199 [main] BasicTypeRegistry - Adding type registration java.lang.Double -> org.hibernate.type.DoubleType@558756be
[DEBUG] 2021-05-12 11:38:41.200 [main] BasicTypeRegistry - Adding type registration big_decimal -> org.hibernate.type.BigDecimalType@43045f9f
[DEBUG] 2021-05-12 11:38:41.200 [main] BasicTypeRegistry - Adding type registration java.math.BigDecimal -> org.hibernate.type.BigDecimalType@43045f9f
[DEBUG] 2021-05-12 11:38:41.201 [main] BasicTypeRegistry - Adding type registration big_integer -> org.hibernate.type.BigIntegerType@3968bc60
[DEBUG] 2021-05-12 11:38:41.201 [main] BasicTypeRegistry - Adding type registration java.math.BigInteger -> org.hibernate.type.BigIntegerType@3968bc60
[DEBUG] 2021-05-12 11:38:41.202 [main] BasicTypeRegistry - Adding type registration string -> org.hibernate.type.StringType@21bd20ee
[DEBUG] 2021-05-12 11:38:41.202 [main] BasicTypeRegistry - Adding type registration java.lang.String -> org.hibernate.type.StringType@21bd20ee
[DEBUG] 2021-05-12 11:38:41.203 [main] BasicTypeRegistry - Adding type registration nstring -> org.hibernate.type.StringNVarcharType@60bbacfc
[DEBUG] 2021-05-12 11:38:41.204 [main] BasicTypeRegistry - Adding type registration ncharacter -> org.hibernate.type.CharacterNCharType@7a0e7ecd
[DEBUG] 2021-05-12 11:38:41.207 [main] BasicTypeRegistry - Adding type registration url -> org.hibernate.type.UrlType@5b852b49
[DEBUG] 2021-05-12 11:38:41.207 [main] BasicTypeRegistry - Adding type registration java.net.URL -> org.hibernate.type.UrlType@5b852b49
[DEBUG] 2021-05-12 11:38:41.208 [main] BasicTypeRegistry - Adding type registration Duration -> org.hibernate.type.DurationType@80bfdc6
[DEBUG] 2021-05-12 11:38:41.208 [main] BasicTypeRegistry - Adding type registration java.time.Duration -> org.hibernate.type.DurationType@80bfdc6
[DEBUG] 2021-05-12 11:38:41.216 [main] BasicTypeRegistry - Adding type registration Instant -> org.hibernate.type.InstantType@4d41ba0f
[DEBUG] 2021-05-12 11:38:41.217 [main] BasicTypeRegistry - Adding type registration java.time.Instant -> org.hibernate.type.InstantType@4d41ba0f
[DEBUG] 2021-05-12 11:38:41.219 [main] BasicTypeRegistry - Adding type registration LocalDateTime -> org.hibernate.type.LocalDateTimeType@49faf066
[DEBUG] 2021-05-12 11:38:41.219 [main] BasicTypeRegistry - Adding type registration java.time.LocalDateTime -> org.hibernate.type.LocalDateTimeType@49faf066
[DEBUG] 2021-05-12 11:38:41.223 [main] BasicTypeRegistry - Adding type registration LocalDate -> org.hibernate.type.LocalDateType@59072e9d
[DEBUG] 2021-05-12 11:38:41.223 [main] BasicTypeRegistry - Adding type registration java.time.LocalDate -> org.hibernate.type.LocalDateType@59072e9d
[DEBUG] 2021-05-12 11:38:41.225 [main] BasicTypeRegistry - Adding type registration LocalTime -> org.hibernate.type.LocalTimeType@5e5af8e1
[DEBUG] 2021-05-12 11:38:41.225 [main] BasicTypeRegistry - Adding type registration java.time.LocalTime -> org.hibernate.type.LocalTimeType@5e5af8e1
[DEBUG] 2021-05-12 11:38:41.227 [main] BasicTypeRegistry - Adding type registration OffsetDateTime -> org.hibernate.type.OffsetDateTimeType@6e0c6a7a
[DEBUG] 2021-05-12 11:38:41.227 [main] BasicTypeRegistry - Adding type registration java.time.OffsetDateTime -> org.hibernate.type.OffsetDateTimeType@6e0c6a7a
[DEBUG] 2021-05-12 11:38:41.229 [main] BasicTypeRegistry - Adding type registration OffsetTime -> org.hibernate.type.OffsetTimeType@50850539
[DEBUG] 2021-05-12 11:38:41.229 [main] BasicTypeRegistry - Adding type registration java.time.OffsetTime -> org.hibernate.type.OffsetTimeType@50850539
[DEBUG] 2021-05-12 11:38:41.231 [main] BasicTypeRegistry - Adding type registration ZonedDateTime -> org.hibernate.type.ZonedDateTimeType@4d95a72e
[DEBUG] 2021-05-12 11:38:41.231 [main] BasicTypeRegistry - Adding type registration java.time.ZonedDateTime -> org.hibernate.type.ZonedDateTimeType@4d95a72e
[DEBUG] 2021-05-12 11:38:41.233 [main] BasicTypeRegistry - Adding type registration date -> org.hibernate.type.DateType@121bb45b
[DEBUG] 2021-05-12 11:38:41.233 [main] BasicTypeRegistry - Adding type registration java.sql.Date -> org.hibernate.type.DateType@121bb45b
[DEBUG] 2021-05-12 11:38:41.235 [main] BasicTypeRegistry - Adding type registration time -> org.hibernate.type.TimeType@733aa9d8
[DEBUG] 2021-05-12 11:38:41.235 [main] BasicTypeRegistry - Adding type registration java.sql.Time -> org.hibernate.type.TimeType@733aa9d8
[DEBUG] 2021-05-12 11:38:41.236 [main] BasicTypeRegistry - Adding type registration timestamp -> org.hibernate.type.TimestampType@4745e9c
[DEBUG] 2021-05-12 11:38:41.236 [main] BasicTypeRegistry - Adding type registration java.sql.Timestamp -> org.hibernate.type.TimestampType@4745e9c
[DEBUG] 2021-05-12 11:38:41.236 [main] BasicTypeRegistry - Adding type registration java.util.Date -> org.hibernate.type.TimestampType@4745e9c
[DEBUG] 2021-05-12 11:38:41.238 [main] BasicTypeRegistry - Adding type registration dbtimestamp -> org.hibernate.type.DbTimestampType@296e281a
[DEBUG] 2021-05-12 11:38:41.239 [main] BasicTypeRegistry - Adding type registration calendar -> org.hibernate.type.CalendarType@588f63c
[DEBUG] 2021-05-12 11:38:41.239 [main] BasicTypeRegistry - Adding type registration java.util.Calendar -> org.hibernate.type.CalendarType@588f63c
[DEBUG] 2021-05-12 11:38:41.239 [main] BasicTypeRegistry - Adding type registration java.util.GregorianCalendar -> org.hibernate.type.CalendarType@588f63c
[DEBUG] 2021-05-12 11:38:41.240 [main] BasicTypeRegistry - Adding type registration calendar_date -> org.hibernate.type.CalendarDateType@74174a23
[DEBUG] 2021-05-12 11:38:41.241 [main] BasicTypeRegistry - Adding type registration locale -> org.hibernate.type.LocaleType@4613311f
[DEBUG] 2021-05-12 11:38:41.241 [main] BasicTypeRegistry - Adding type registration java.util.Locale -> org.hibernate.type.LocaleType@4613311f
[DEBUG] 2021-05-12 11:38:41.243 [main] BasicTypeRegistry - Adding type registration currency -> org.hibernate.type.CurrencyType@7724704f
[DEBUG] 2021-05-12 11:38:41.243 [main] BasicTypeRegistry - Adding type registration java.util.Currency -> org.hibernate.type.CurrencyType@7724704f
[DEBUG] 2021-05-12 11:38:41.244 [main] BasicTypeRegistry - Adding type registration timezone -> org.hibernate.type.TimeZoneType@74ecacc3
[DEBUG] 2021-05-12 11:38:41.244 [main] BasicTypeRegistry - Adding type registration java.util.TimeZone -> org.hibernate.type.TimeZoneType@74ecacc3
[DEBUG] 2021-05-12 11:38:41.245 [main] BasicTypeRegistry - Adding type registration class -> org.hibernate.type.ClassType@378cfecf
[DEBUG] 2021-05-12 11:38:41.245 [main] BasicTypeRegistry - Adding type registration java.lang.Class -> org.hibernate.type.ClassType@378cfecf
[DEBUG] 2021-05-12 11:38:41.245 [main] BasicTypeRegistry - Adding type registration uuid-binary -> org.hibernate.type.UUIDBinaryType@762637be
[DEBUG] 2021-05-12 11:38:41.245 [main] BasicTypeRegistry - Adding type registration java.util.UUID -> org.hibernate.type.UUIDBinaryType@762637be
[DEBUG] 2021-05-12 11:38:41.246 [main] BasicTypeRegistry - Adding type registration uuid-char -> org.hibernate.type.UUIDCharType@23f3da8b
[DEBUG] 2021-05-12 11:38:41.247 [main] BasicTypeRegistry - Adding type registration binary -> org.hibernate.type.BinaryType@69fe0ed4
[DEBUG] 2021-05-12 11:38:41.247 [main] BasicTypeRegistry - Adding type registration byte[] -> org.hibernate.type.BinaryType@69fe0ed4
[DEBUG] 2021-05-12 11:38:41.247 [main] BasicTypeRegistry - Adding type registration [B -> org.hibernate.type.BinaryType@69fe0ed4
[DEBUG] 2021-05-12 11:38:41.248 [main] BasicTypeRegistry - Adding type registration wrapper-binary -> org.hibernate.type.WrapperBinaryType@1fb2d5e
[DEBUG] 2021-05-12 11:38:41.248 [main] BasicTypeRegistry - Adding type registration Byte[] -> org.hibernate.type.WrapperBinaryType@1fb2d5e
[DEBUG] 2021-05-12 11:38:41.248 [main] BasicTypeRegistry - Adding type registration [Ljava.lang.Byte; -> org.hibernate.type.WrapperBinaryType@1fb2d5e
[DEBUG] 2021-05-12 11:38:41.249 [main] BasicTypeRegistry - Adding type registration row_version -> org.hibernate.type.RowVersionType@15b642b9
[DEBUG] 2021-05-12 11:38:41.249 [main] BasicTypeRegistry - Adding type registration image -> org.hibernate.type.ImageType@715b886f
[DEBUG] 2021-05-12 11:38:41.250 [main] BasicTypeRegistry - Adding type registration characters -> org.hibernate.type.CharArrayType@1859e2a4
[DEBUG] 2021-05-12 11:38:41.250 [main] BasicTypeRegistry - Adding type registration char[] -> org.hibernate.type.CharArrayType@1859e2a4
[DEBUG] 2021-05-12 11:38:41.250 [main] BasicTypeRegistry - Adding type registration [C -> org.hibernate.type.CharArrayType@1859e2a4
[DEBUG] 2021-05-12 11:38:41.252 [main] BasicTypeRegistry - Adding type registration wrapper-characters -> org.hibernate.type.CharacterArrayType@d5d5353
[DEBUG] 2021-05-12 11:38:41.252 [main] BasicTypeRegistry - Adding type registration [Ljava.lang.Character; -> org.hibernate.type.CharacterArrayType@d5d5353
[DEBUG] 2021-05-12 11:38:41.252 [main] BasicTypeRegistry - Adding type registration Character[] -> org.hibernate.type.CharacterArrayType@d5d5353
[DEBUG] 2021-05-12 11:38:41.252 [main] BasicTypeRegistry - Adding type registration text -> org.hibernate.type.TextType@3a082ff4
[DEBUG] 2021-05-12 11:38:41.253 [main] BasicTypeRegistry - Adding type registration ntext -> org.hibernate.type.NTextType@58f39564
[DEBUG] 2021-05-12 11:38:41.255 [main] BasicTypeRegistry - Adding type registration blob -> org.hibernate.type.BlobType@6a1d3225
[DEBUG] 2021-05-12 11:38:41.256 [main] BasicTypeRegistry - Adding type registration java.sql.Blob -> org.hibernate.type.BlobType@6a1d3225
[DEBUG] 2021-05-12 11:38:41.256 [main] BasicTypeRegistry - Adding type registration materialized_blob -> org.hibernate.type.MaterializedBlobType@1457fde
[DEBUG] 2021-05-12 11:38:41.257 [main] BasicTypeRegistry - Adding type registration clob -> org.hibernate.type.ClobType@25aeb5ac
[DEBUG] 2021-05-12 11:38:41.257 [main] BasicTypeRegistry - Adding type registration java.sql.Clob -> org.hibernate.type.ClobType@25aeb5ac
[DEBUG] 2021-05-12 11:38:41.259 [main] BasicTypeRegistry - Adding type registration nclob -> org.hibernate.type.NClobType@372ca2d6
[DEBUG] 2021-05-12 11:38:41.259 [main] BasicTypeRegistry - Adding type registration java.sql.NClob -> org.hibernate.type.NClobType@372ca2d6
[DEBUG] 2021-05-12 11:38:41.260 [main] BasicTypeRegistry - Adding type registration materialized_clob -> org.hibernate.type.MaterializedClobType@58ba5b30
[DEBUG] 2021-05-12 11:38:41.260 [main] BasicTypeRegistry - Adding type registration materialized_nclob -> org.hibernate.type.MaterializedNClobType@eac3a26
[DEBUG] 2021-05-12 11:38:41.262 [main] BasicTypeRegistry - Adding type registration serializable -> org.hibernate.type.SerializableType@56637cff
[DEBUG] 2021-05-12 11:38:41.273 [main] BasicTypeRegistry - Adding type registration object -> org.hibernate.type.ObjectType@3a66e67e
[DEBUG] 2021-05-12 11:38:41.273 [main] BasicTypeRegistry - Adding type registration java.lang.Object -> org.hibernate.type.ObjectType@3a66e67e
[DEBUG] 2021-05-12 11:38:41.274 [main] BasicTypeRegistry - Adding type registration imm_date -> org.hibernate.type.AdaptedImmutableType@117d32e
[DEBUG] 2021-05-12 11:38:41.274 [main] BasicTypeRegistry - Adding type registration imm_time -> org.hibernate.type.AdaptedImmutableType@51d387d3
[DEBUG] 2021-05-12 11:38:41.274 [main] BasicTypeRegistry - Adding type registration imm_timestamp -> org.hibernate.type.AdaptedImmutableType@2370ac7a
[DEBUG] 2021-05-12 11:38:41.274 [main] BasicTypeRegistry - Adding type registration imm_dbtimestamp -> org.hibernate.type.AdaptedImmutableType@534180a2
[DEBUG] 2021-05-12 11:38:41.274 [main] BasicTypeRegistry - Adding type registration imm_calendar -> org.hibernate.type.AdaptedImmutableType@6cf0a747
[DEBUG] 2021-05-12 11:38:41.274 [main] BasicTypeRegistry - Adding type registration imm_calendar_date -> org.hibernate.type.AdaptedImmutableType@21505815
[DEBUG] 2021-05-12 11:38:41.274 [main] BasicTypeRegistry - Adding type registration imm_binary -> org.hibernate.type.AdaptedImmutableType@7e53339
[DEBUG] 2021-05-12 11:38:41.275 [main] BasicTypeRegistry - Adding type registration imm_serializable -> org.hibernate.type.AdaptedImmutableType@58fef7f7
[DEBUG] 2021-05-12 11:38:41.311 [main] DefaultIdentifierGeneratorFactory - Registering IdentifierGenerator strategy [uuid2] -> [org.hibernate.id.UUIDGenerator]
[DEBUG] 2021-05-12 11:38:41.312 [main] DefaultIdentifierGeneratorFactory - Registering IdentifierGenerator strategy [guid] -> [org.hibernate.id.GUIDGenerator]
[DEBUG] 2021-05-12 11:38:41.313 [main] DefaultIdentifierGeneratorFactory - Registering IdentifierGenerator strategy [uuid] -> [org.hibernate.id.UUIDHexGenerator]
[DEBUG] 2021-05-12 11:38:41.313 [main] DefaultIdentifierGeneratorFactory - Registering IdentifierGenerator strategy [uuid.hex] -> [org.hibernate.id.UUIDHexGenerator]
[DEBUG] 2021-05-12 11:38:41.314 [main] DefaultIdentifierGeneratorFactory - Registering IdentifierGenerator strategy [assigned] -> [org.hibernate.id.Assigned]
[DEBUG] 2021-05-12 11:38:41.316 [main] DefaultIdentifierGeneratorFactory - Registering IdentifierGenerator strategy [identity] -> [org.hibernate.id.IdentityGenerator]
[DEBUG] 2021-05-12 11:38:41.316 [main] DefaultIdentifierGeneratorFactory - Registering IdentifierGenerator strategy [select] -> [org.hibernate.id.SelectGenerator]
[DEBUG] 2021-05-12 11:38:41.317 [main] DefaultIdentifierGeneratorFactory - Registering IdentifierGenerator strategy [sequence] -> [org.hibernate.id.enhanced.SequenceStyleGenerator]
[DEBUG] 2021-05-12 11:38:41.318 [main] DefaultIdentifierGeneratorFactory - Registering IdentifierGenerator strategy [seqhilo] -> [org.hibernate.id.SequenceHiLoGenerator]
[DEBUG] 2021-05-12 11:38:41.319 [main] DefaultIdentifierGeneratorFactory - Registering IdentifierGenerator strategy [increment] -> [org.hibernate.id.IncrementGenerator]
[DEBUG] 2021-05-12 11:38:41.321 [main] DefaultIdentifierGeneratorFactory - Registering IdentifierGenerator strategy [foreign] -> [org.hibernate.id.ForeignGenerator]
[DEBUG] 2021-05-12 11:38:41.322 [main] DefaultIdentifierGeneratorFactory - Registering IdentifierGenerator strategy [sequence-identity] -> [org.hibernate.id.SequenceIdentityGenerator]
[DEBUG] 2021-05-12 11:38:41.322 [main] DefaultIdentifierGeneratorFactory - Registering IdentifierGenerator strategy [enhanced-sequence] -> [org.hibernate.id.enhanced.SequenceStyleGenerator]
[DEBUG] 2021-05-12 11:38:41.323 [main] DefaultIdentifierGeneratorFactory - Registering IdentifierGenerator strategy [enhanced-table] -> [org.hibernate.id.enhanced.TableGenerator]
[INFO ] 2021-05-12 11:38:41.328 [main] C3P0ConnectionProvider - HHH010002: C3P0 using driver: com.mysql.cj.jdbc.Driver at URL: jdbc:mysql://localhost:3306/test_videogame
[INFO ] 2021-05-12 11:38:41.328 [main] C3P0ConnectionProvider - HHH10001001: Connection properties: {password=****, user=root}
[INFO ] 2021-05-12 11:38:41.329 [main] C3P0ConnectionProvider - HHH10001003: Autocommit mode: false
[INFO ] 2021-05-12 11:38:41.470 [main] C3P0ConnectionProvider - HHH10001007: JDBC isolation level: <unknown>
